<?xml version="1.0" encoding="UTF-8"?>
<testsuite xmlns:xsi="http://www.w3.org/2001/XMLSchema-instance" xsi:noNamespaceSchemaLocation="https://maven.apache.org/surefire/maven-surefire-plugin/xsd/surefire-test-report-3.0.xsd" version="3.0" name="edu.unam.ecommerce.EcommerceApplicationTests" time="4.654" tests="1" errors="0" skipped="0" failures="0">
  <properties>
[...]
</properties>
  <testcase name="contextLoads" classname="edu.unam.ecommerce.EcommerceApplicationTests" time="0.419">
    <system-out><![CDATA[18:20:33.123 [main] INFO org.springframework.test.context.support.AnnotationConfigContextLoaderUtils -- Could not detect default configuration classes for test class [edu.unam.ecommerce.EcommerceApplicationTests]: EcommerceApplicationTests does not declare any static, non-private, non-final, nested classes annotated with @Configuration.
18:20:33.201 [main] INFO org.springframework.boot.test.context.SpringBootTestContextBootstrapper -- Found @SpringBootConfiguration edu.unam.ecommerce.EcommerceApplication for test class edu.unam.ecommerce.EcommerceApplicationTests

  .   ____          _            __ _ _
 /\\ / ___'_ __ _ _(_)_ __  __ _ \ \ \ \
( ( )\___ | '_ | '_| | '_ \/ _` | \ \ \ \
 \\/  ___)| |_)| | | | | || (_| |  ) ) ) )
  '  |____| .__|_| |_|_| |_\__, | / / / /
 =========|_|==============|___/=/_/_/_/
 :: Spring Boot ::                (v3.1.4)

06:20  INFO 16584 --- [           main] e.u.ecommerce.EcommerceApplicationTests  : Starting EcommerceApplicationTests using Java 18.0.1 with PID 16584 (started by Administrator in D:\2023\Facultad\POO2\e-commerce\ecommerce)
06:20  INFO 16584 --- [           main] e.u.ecommerce.EcommerceApplicationTests  : No active profile set, falling back to 1 default profile: "default"
06:20  INFO 16584 --- [           main] .s.d.r.c.RepositoryConfigurationDelegate : Bootstrapping Spring Data JPA repositories in DEFAULT mode.
06:20  INFO 16584 --- [           main] .s.d.r.c.RepositoryConfigurationDelegate : Finished Spring Data repository scanning in 52 ms. Found 2 JPA repository interfaces.
06:20  INFO 16584 --- [           main] o.hibernate.jpa.internal.util.LogHelper  : HHH000204: Processing PersistenceUnitInfo [name: default]
06:20  INFO 16584 --- [           main] org.hibernate.Version                    : HHH000412: Hibernate ORM core version 6.2.9.Final
06:20  INFO 16584 --- [           main] org.hibernate.cfg.Environment            : HHH000406: Using bytecode reflection optimizer
06:20  INFO 16584 --- [           main] o.h.b.i.BytecodeProviderInitiator        : HHH000021: Bytecode provider name : bytebuddy
06:20  INFO 16584 --- [           main] o.s.o.j.p.SpringPersistenceUnitInfo      : No LoadTimeWeaver setup: ignoring JPA class transformer
06:20  INFO 16584 --- [           main] com.zaxxer.hikari.HikariDataSource       : HikariPool-1 - Starting...
06:20  INFO 16584 --- [           main] com.zaxxer.hikari.pool.HikariPool        : HikariPool-1 - Added connection com.mysql.cj.jdbc.ConnectionImpl@6b16de91
06:20  INFO 16584 --- [           main] com.zaxxer.hikari.HikariDataSource       : HikariPool-1 - Start completed.
06:20  WARN 16584 --- [           main] org.hibernate.orm.deprecation            : HHH90000026: MySQL8Dialect has been deprecated; use org.hibernate.dialect.MySQLDialect instead
06:20  INFO 16584 --- [           main] o.h.b.i.BytecodeProviderInitiator        : HHH000021: Bytecode provider name : bytebuddy
06:20  INFO 16584 --- [           main] o.h.e.t.j.p.i.JtaPlatformInitiator       : HHH000490: Using JtaPlatform implementation: [org.hibernate.engine.transaction.jta.platform.internal.NoJtaPlatform]
06:20  INFO 16584 --- [           main] j.LocalContainerEntityManagerFactoryBean : Initialized JPA EntityManagerFactory for persistence unit 'default'
06:20  WARN 16584 --- [           main] JpaBaseConfiguration$JpaWebConfiguration : spring.jpa.open-in-view is enabled by default. Therefore, database queries may be performed during view rendering. Explicitly configure spring.jpa.open-in-view to disable this warning
06:20  INFO 16584 --- [           main] o.s.b.a.w.s.WelcomePageHandlerMapping    : Adding welcome page template: index
06:20  INFO 16584 --- [           main] e.u.ecommerce.EcommerceApplicationTests  : Started EcommerceApplicationTests in 3.879 seconds (process running for 4.789)
]]></system-out>
  </testcase>
</testsuite>